Loading plugins phase: Elapsed time ==> 2s.704ms
Initializing data phase: Elapsed time ==> 0s.000ms
<CYPRESSTAG name="CyDsfit arguments...">
cydsfit arguments: -.fdsnotice -.fdswarpdepfile=warp_dependencies.txt -.fdselabdepfile=elab_dependencies.txt -.fdsbldfile=generated_files.txt -p C:\Users\Xwx47\Documents\PSoC Creator\Nokia5110\SPI_v0_0.cydsn\SPI_v0_0.cyprj -d CY8C5888LTI-LP097 -s C:\Users\Xwx47\Documents\PSoC Creator\Nokia5110\SPI_v0_0.cydsn\Generated_Source\PSoC5 -- -yv2 -q10 -ygs -o2 -v3 -.fftcfgtype=LE</CYPRESSTAG>
<CYPRESSTAG name="Design elaboration results...">
</CYPRESSTAG>
Elaboration phase: Elapsed time ==> 20s.707ms
<CYPRESSTAG name="HDL generation results...">
</CYPRESSTAG>
HDL generation phase: Elapsed time ==> 0s.417ms
<CYPRESSTAG name="Synthesis results...">

     | | | | | | |
   _________________
  -|               |-
  -|               |-
  -|               |-
  -|    CYPRESS    |-
  -|               |-
  -|               |-   Warp Verilog Synthesis Compiler: Version 6.3 IR 41
  -|               |-   Copyright (C) 1991-2001 Cypress Semiconductor
   |_______________|
     | | | | | | |

======================================================================
Compiling:  SPI_v0_0.v
Program  :   C:\Program Files (x86)\Cypress\PSoC Creator\3.3\PSoC Creator\warp\bin/warp.exe
Options  :    -yv2 -q10 -ygs -o2 -v3 -.fftcfgtype=LE -ya -.fftprj=C:\Users\Xwx47\Documents\PSoC Creator\Nokia5110\SPI_v0_0.cydsn\SPI_v0_0.cyprj -dcpsoc3 SPI_v0_0.v -verilog
======================================================================

======================================================================
Compiling:  SPI_v0_0.v
Program  :   C:\Program Files (x86)\Cypress\PSoC Creator\3.3\PSoC Creator\warp\bin/warp.exe
Options  :    -yv2 -q10 -ygs -o2 -v3 -.fftcfgtype=LE -ya -.fftprj=C:\Users\Xwx47\Documents\PSoC Creator\Nokia5110\SPI_v0_0.cydsn\SPI_v0_0.cyprj -dcpsoc3 SPI_v0_0.v -verilog
======================================================================

======================================================================
Compiling:  SPI_v0_0.v
Program  :   vlogfe
Options  :    -yv2 -q10 -ygs -o2 -v3 -.fftcfgtype=LE -ya -.fftprj=C:\Users\Xwx47\Documents\PSoC Creator\Nokia5110\SPI_v0_0.cydsn\SPI_v0_0.cyprj -dcpsoc3 -verilog SPI_v0_0.v
======================================================================

vlogfe V6.3 IR 41:  Verilog parser
Mon Jan 25 01:24:25 2016


======================================================================
Compiling:  SPI_v0_0.v
Program  :   vpp
Options  :    -yv2 -q10 SPI_v0_0.v
======================================================================

vpp V6.3 IR 41:  Verilog Pre-Processor
Mon Jan 25 01:24:26 2016

Flattening file 'C:\Program Files (x86)\Cypress\PSoC Creator\3.3\PSoC Creator\psoc\content\cyprimitives\CyPrimitives.cylib\cy_virtualmux_v1_0\cy_virtualmux_v1_0.v'
Flattening file 'C:\Program Files (x86)\Cypress\PSoC Creator\3.3\PSoC Creator\psoc\content\cycomponentlibrary\CyComponentLibrary.cylib\B_SPI_Master_v2_50\B_SPI_Master_v2_50.v'
Flattening file 'C:\Program Files (x86)\Cypress\PSoC Creator\3.3\PSoC Creator\warp\lib\common\cypress.v'
Flattening file 'C:\Program Files (x86)\Cypress\PSoC Creator\3.3\PSoC Creator\warp\lib\common\cy_psoc3_inc.v'
Flattening file 'C:\Program Files (x86)\Cypress\PSoC Creator\3.3\PSoC Creator\psoc\content\cyprimitives\CyPrimitives.cylib\ZeroTerminal\ZeroTerminal.v'
Flattening file 'C:\Program Files (x86)\Cypress\PSoC Creator\3.3\PSoC Creator\psoc\content\cyprimitives\CyPrimitives.cylib\cy_constant_v1_0\cy_constant_v1_0.v'
Flattening file 'C:\Program Files (x86)\Cypress\PSoC Creator\3.3\PSoC Creator\psoc\content\cyprimitives\CyPrimitives.cylib\not_v1_0\not_v1_0.v'
Flattening file 'C:\Program Files (x86)\Cypress\PSoC Creator\3.3\PSoC Creator\psoc\content\cyprimitives\CyPrimitives.cylib\demux_v1_10\demux_v1_10.v'

vpp:  No errors.

Library 'work' => directory 'lcpsoc3'
General_symbol_table
General_symbol_table
Linking 'C:\Program Files (x86)\Cypress\PSoC Creator\3.3\PSoC Creator\warp\lib\common\std.vhd'.
Linking 'C:\Program Files (x86)\Cypress\PSoC Creator\3.3\PSoC Creator\warp\lib\common\cypress.vhd'.
Linking 'C:\Program Files (x86)\Cypress\PSoC Creator\3.3\PSoC Creator\warp\lib\common\work\cypress.vif'.
Linking 'C:\Program Files (x86)\Cypress\PSoC Creator\3.3\PSoC Creator\warp\lib\ieee\work\stdlogic.vif'.
Linking 'C:\Program Files (x86)\Cypress\PSoC Creator\3.3\PSoC Creator\warp\lib\common\stdlogic\lpmpkg.vif'.
Linking 'C:\Program Files (x86)\Cypress\PSoC Creator\3.3\PSoC Creator\warp\lib\common\stdlogic\rtlpkg.vif'.
Linking 'C:\Program Files (x86)\Cypress\PSoC Creator\3.3\PSoC Creator\warp\lib\common\stdlogic\mod_cnst.vif'.
Linking 'C:\Program Files (x86)\Cypress\PSoC Creator\3.3\PSoC Creator\warp\lib\common\stdlogic\mod_mthv.vif'.
Linking 'C:\Program Files (x86)\Cypress\PSoC Creator\3.3\PSoC Creator\warp\lib\common\stdlogic\mod_genv.vif'.
Using control file 'SPI_v0_0.ctl'.
Linking 'C:\Program Files (x86)\Cypress\PSoC Creator\3.3\PSoC Creator\warp\lib\common\stdlogic\cy_psoc3pkg.vif'.
Linking 'C:\Program Files (x86)\Cypress\PSoC Creator\3.3\PSoC Creator\warp\lib\common\stdlogic\cy_psoc3.vif'.

vlogfe:  No errors.


======================================================================
Compiling:  SPI_v0_0.v
Program  :   tovif
Options  :    -yv2 -q10 -ygs -o2 -v3 -.fftcfgtype=LE -ya -.fftprj=C:\Users\Xwx47\Documents\PSoC Creator\Nokia5110\SPI_v0_0.cydsn\SPI_v0_0.cyprj -dcpsoc3 -verilog SPI_v0_0.v
======================================================================

tovif V6.3 IR 41:  High-level synthesis
Mon Jan 25 01:24:28 2016

Linking 'C:\Program Files (x86)\Cypress\PSoC Creator\3.3\PSoC Creator\warp\lib\common\std.vhd'.
Linking 'C:\Program Files (x86)\Cypress\PSoC Creator\3.3\PSoC Creator\warp\lib\common\cypress.vhd'.
Linking 'C:\Program Files (x86)\Cypress\PSoC Creator\3.3\PSoC Creator\warp\lib\common\work\cypress.vif'.
Linking 'C:\Program Files (x86)\Cypress\PSoC Creator\3.3\PSoC Creator\warp\lib\ieee\work\stdlogic.vif'.
Linking 'C:\Program Files (x86)\Cypress\PSoC Creator\3.3\PSoC Creator\warp\lib\common\stdlogic\lpmpkg.vif'.
Linking 'C:\Program Files (x86)\Cypress\PSoC Creator\3.3\PSoC Creator\warp\lib\common\stdlogic\rtlpkg.vif'.
Linking 'C:\Program Files (x86)\Cypress\PSoC Creator\3.3\PSoC Creator\warp\lib\common\stdlogic\mod_cnst.vif'.
Linking 'C:\Program Files (x86)\Cypress\PSoC Creator\3.3\PSoC Creator\warp\lib\common\stdlogic\mod_mthv.vif'.
Linking 'C:\Program Files (x86)\Cypress\PSoC Creator\3.3\PSoC Creator\warp\lib\common\stdlogic\mod_genv.vif'.
Linking 'C:\Users\Xwx47\Documents\PSoC Creator\Nokia5110\SPI_v0_0.cydsn\codegentemp\SPI_v0_0.ctl'.
Linking 'C:\Program Files (x86)\Cypress\PSoC Creator\3.3\PSoC Creator\psoc\content\cyprimitives\CyPrimitives.cylib\cy_virtualmux_v1_0\cy_virtualmux_v1_0.v'.
Linking 'C:\Users\Xwx47\Documents\PSoC Creator\Nokia5110\SPI_v0_0.cydsn\codegentemp\SPI_v0_0.v'.
Linking 'C:\Program Files (x86)\Cypress\PSoC Creator\3.3\PSoC Creator\psoc\content\cycomponentlibrary\CyComponentLibrary.cylib\B_SPI_Master_v2_50\B_SPI_Master_v2_50.v'.
Linking 'C:\Program Files (x86)\Cypress\PSoC Creator\3.3\PSoC Creator\warp\lib\common\cypress.v'.
Linking 'C:\Program Files (x86)\Cypress\PSoC Creator\3.3\PSoC Creator\warp\lib\common\cy_psoc3_inc.v'.
Linking 'C:\Program Files (x86)\Cypress\PSoC Creator\3.3\PSoC Creator\psoc\content\cyprimitives\CyPrimitives.cylib\ZeroTerminal\ZeroTerminal.v'.
Linking 'C:\Program Files (x86)\Cypress\PSoC Creator\3.3\PSoC Creator\psoc\content\cyprimitives\CyPrimitives.cylib\cy_constant_v1_0\cy_constant_v1_0.v'.
Linking 'C:\Program Files (x86)\Cypress\PSoC Creator\3.3\PSoC Creator\psoc\content\cyprimitives\CyPrimitives.cylib\not_v1_0\not_v1_0.v'.
Linking 'C:\Program Files (x86)\Cypress\PSoC Creator\3.3\PSoC Creator\psoc\content\cyprimitives\CyPrimitives.cylib\demux_v1_10\demux_v1_10.v'.
Linking 'C:\Program Files (x86)\Cypress\PSoC Creator\3.3\PSoC Creator\warp\lib\common\stdlogic\cy_psoc3pkg.vif'.
Linking 'C:\Program Files (x86)\Cypress\PSoC Creator\3.3\PSoC Creator\warp\lib\common\stdlogic\cy_psoc3.vif'.

tovif:  No errors.


======================================================================
Compiling:  SPI_v0_0.v
Program  :   topld
Options  :    -yv2 -q10 -ygs -o2 -v3 -.fftcfgtype=LE -ya -.fftprj=C:\Users\Xwx47\Documents\PSoC Creator\Nokia5110\SPI_v0_0.cydsn\SPI_v0_0.cyprj -dcpsoc3 -verilog SPI_v0_0.v
======================================================================

topld V6.3 IR 41:  Synthesis and optimization
Mon Jan 25 01:24:30 2016

Linking 'C:\Program Files (x86)\Cypress\PSoC Creator\3.3\PSoC Creator\warp\lib\common\std.vhd'.
Linking 'C:\Program Files (x86)\Cypress\PSoC Creator\3.3\PSoC Creator\warp\lib\common\cypress.vhd'.
Linking 'C:\Program Files (x86)\Cypress\PSoC Creator\3.3\PSoC Creator\warp\lib\common\work\cypress.vif'.
Linking 'C:\Program Files (x86)\Cypress\PSoC Creator\3.3\PSoC Creator\warp\lib\ieee\work\stdlogic.vif'.
Linking 'C:\Program Files (x86)\Cypress\PSoC Creator\3.3\PSoC Creator\warp\lib\common\stdlogic\lpmpkg.vif'.
Linking 'C:\Program Files (x86)\Cypress\PSoC Creator\3.3\PSoC Creator\warp\lib\common\stdlogic\rtlpkg.vif'.
Linking 'C:\Program Files (x86)\Cypress\PSoC Creator\3.3\PSoC Creator\warp\lib\common\stdlogic\mod_cnst.vif'.
Linking 'C:\Program Files (x86)\Cypress\PSoC Creator\3.3\PSoC Creator\warp\lib\common\stdlogic\mod_mthv.vif'.
Linking 'C:\Program Files (x86)\Cypress\PSoC Creator\3.3\PSoC Creator\warp\lib\common\stdlogic\mod_genv.vif'.
Linking 'C:\Users\Xwx47\Documents\PSoC Creator\Nokia5110\SPI_v0_0.cydsn\codegentemp\SPI_v0_0.ctl'.
Linking 'C:\Program Files (x86)\Cypress\PSoC Creator\3.3\PSoC Creator\psoc\content\cyprimitives\CyPrimitives.cylib\cy_virtualmux_v1_0\cy_virtualmux_v1_0.v'.
Linking 'C:\Users\Xwx47\Documents\PSoC Creator\Nokia5110\SPI_v0_0.cydsn\codegentemp\SPI_v0_0.v'.
Linking 'C:\Program Files (x86)\Cypress\PSoC Creator\3.3\PSoC Creator\psoc\content\cycomponentlibrary\CyComponentLibrary.cylib\B_SPI_Master_v2_50\B_SPI_Master_v2_50.v'.
Linking 'C:\Program Files (x86)\Cypress\PSoC Creator\3.3\PSoC Creator\warp\lib\common\cypress.v'.
Linking 'C:\Program Files (x86)\Cypress\PSoC Creator\3.3\PSoC Creator\warp\lib\common\cy_psoc3_inc.v'.
Linking 'C:\Program Files (x86)\Cypress\PSoC Creator\3.3\PSoC Creator\psoc\content\cyprimitives\CyPrimitives.cylib\ZeroTerminal\ZeroTerminal.v'.
Linking 'C:\Program Files (x86)\Cypress\PSoC Creator\3.3\PSoC Creator\psoc\content\cyprimitives\CyPrimitives.cylib\cy_constant_v1_0\cy_constant_v1_0.v'.
Linking 'C:\Program Files (x86)\Cypress\PSoC Creator\3.3\PSoC Creator\psoc\content\cyprimitives\CyPrimitives.cylib\not_v1_0\not_v1_0.v'.
Linking 'C:\Program Files (x86)\Cypress\PSoC Creator\3.3\PSoC Creator\psoc\content\cyprimitives\CyPrimitives.cylib\demux_v1_10\demux_v1_10.v'.
Linking 'C:\Program Files (x86)\Cypress\PSoC Creator\3.3\PSoC Creator\warp\lib\common\stdlogic\cy_psoc3pkg.vif'.
Linking 'C:\Program Files (x86)\Cypress\PSoC Creator\3.3\PSoC Creator\warp\lib\common\stdlogic\cy_psoc3.vif'.
Linking 'C:\Program Files (x86)\Cypress\PSoC Creator\3.3\PSoC Creator\warp\lib\lcpsoc3\stdlogic\cpsoc3.vif'.

----------------------------------------------------------
Detecting unused logic.
----------------------------------------------------------
    User names
	\SPI_Nokia5110:BSPIM:mosi_after_ld\
	\SPI_Nokia5110:BSPIM:so_send\
	\SPI_Nokia5110:BSPIM:mosi_fin\
	\SPI_Nokia5110:BSPIM:mosi_cpha_0\
	\SPI_Nokia5110:BSPIM:mosi_cpha_1\
	\SPI_Nokia5110:BSPIM:pre_mosi\
	\SPI_Nokia5110:BSPIM:dpcounter_zero\
	\SPI_Nokia5110:BSPIM:control_7\
	\SPI_Nokia5110:BSPIM:control_6\
	\SPI_Nokia5110:BSPIM:control_5\
	\SPI_Nokia5110:BSPIM:control_4\
	\SPI_Nokia5110:BSPIM:control_3\
	\SPI_Nokia5110:BSPIM:control_2\
	\SPI_Nokia5110:BSPIM:control_1\
	\SPI_Nokia5110:BSPIM:control_0\
	\SPI_Nokia5110:Net_294\
	Net_15
	\demux_1:tmp__demux_1_1_reg\
	Net_118


Deleted 19 User equations/components.
Deleted 0 Synthesized equations/components.

------------------------------------------------------
Alias Detection
------------------------------------------------------
Aliasing \SPI_Nokia5110:BSPIM:tx_status_3\ to \SPI_Nokia5110:BSPIM:load_rx_data\
Aliasing \SPI_Nokia5110:BSPIM:tx_status_6\ to \SPI_Nokia5110:BSPIM:pol_supprt\
Aliasing \SPI_Nokia5110:BSPIM:tx_status_5\ to \SPI_Nokia5110:BSPIM:pol_supprt\
Aliasing \SPI_Nokia5110:BSPIM:rx_status_3\ to \SPI_Nokia5110:BSPIM:pol_supprt\
Aliasing \SPI_Nokia5110:BSPIM:rx_status_2\ to \SPI_Nokia5110:BSPIM:pol_supprt\
Aliasing \SPI_Nokia5110:BSPIM:rx_status_1\ to \SPI_Nokia5110:BSPIM:pol_supprt\
Aliasing \SPI_Nokia5110:BSPIM:rx_status_0\ to \SPI_Nokia5110:BSPIM:pol_supprt\
Aliasing zero to \SPI_Nokia5110:BSPIM:pol_supprt\
Aliasing \SPI_Nokia5110:Net_289\ to \SPI_Nokia5110:BSPIM:pol_supprt\
Aliasing tmpOE__MOSI_N5110_net_0 to one
Aliasing tmpOE__SCLK_N5110_net_0 to one
Aliasing tmpOE__SS_N5110_net_0 to one
Aliasing tmpOE__nRST_N5110_net_0 to one
Aliasing tmpOE__MISO_N5110_net_0 to one
Aliasing tmpOE__DnC_N5110_net_0 to one
Aliasing Net_120 to \SPI_Nokia5110:BSPIM:pol_supprt\
Aliasing \SPI_Nokia5110:BSPIM:so_send_reg\\D\ to \SPI_Nokia5110:BSPIM:pol_supprt\
Aliasing \SPI_Nokia5110:BSPIM:mosi_pre_reg\\D\ to \SPI_Nokia5110:BSPIM:pol_supprt\
Aliasing \SPI_Nokia5110:BSPIM:dpcounter_one_reg\\D\ to \SPI_Nokia5110:BSPIM:load_rx_data\
Removing Rhs of wire \SPI_Nokia5110:Net_276\[0] = \SPI_Nokia5110:Net_288\[1]
Removing Rhs of wire \SPI_Nokia5110:BSPIM:load_rx_data\[6] = \SPI_Nokia5110:BSPIM:dpcounter_one\[7]
Removing Lhs of wire \SPI_Nokia5110:BSPIM:miso_to_dp\[9] = \SPI_Nokia5110:Net_244\[10]
Removing Lhs of wire \SPI_Nokia5110:Net_244\[10] = Net_13[104]
Removing Rhs of wire Net_10[14] = \SPI_Nokia5110:BSPIM:mosi_reg\[15]
Removing Rhs of wire \SPI_Nokia5110:BSPIM:tx_status_1\[37] = \SPI_Nokia5110:BSPIM:dpMOSI_fifo_empty\[38]
Removing Rhs of wire \SPI_Nokia5110:BSPIM:tx_status_2\[39] = \SPI_Nokia5110:BSPIM:dpMOSI_fifo_not_full\[40]
Removing Lhs of wire \SPI_Nokia5110:BSPIM:tx_status_3\[41] = \SPI_Nokia5110:BSPIM:load_rx_data\[6]
Removing Rhs of wire \SPI_Nokia5110:BSPIM:rx_status_4\[43] = \SPI_Nokia5110:BSPIM:dpMISO_fifo_full\[44]
Removing Rhs of wire \SPI_Nokia5110:BSPIM:rx_status_5\[45] = \SPI_Nokia5110:BSPIM:dpMISO_fifo_not_empty\[46]
Removing Lhs of wire \SPI_Nokia5110:BSPIM:tx_status_6\[48] = \SPI_Nokia5110:BSPIM:pol_supprt\[8]
Removing Lhs of wire \SPI_Nokia5110:BSPIM:tx_status_5\[49] = \SPI_Nokia5110:BSPIM:pol_supprt\[8]
Removing Lhs of wire \SPI_Nokia5110:BSPIM:rx_status_3\[50] = \SPI_Nokia5110:BSPIM:pol_supprt\[8]
Removing Lhs of wire \SPI_Nokia5110:BSPIM:rx_status_2\[51] = \SPI_Nokia5110:BSPIM:pol_supprt\[8]
Removing Lhs of wire \SPI_Nokia5110:BSPIM:rx_status_1\[52] = \SPI_Nokia5110:BSPIM:pol_supprt\[8]
Removing Lhs of wire \SPI_Nokia5110:BSPIM:rx_status_0\[53] = \SPI_Nokia5110:BSPIM:pol_supprt\[8]
Removing Rhs of wire \SPI_Nokia5110:Net_273\[63] = \SPI_Nokia5110:BSPIM:pol_supprt\[8]
Removing Rhs of wire zero[68] = \SPI_Nokia5110:Net_273\[63]
Removing Lhs of wire \SPI_Nokia5110:Net_289\[105] = zero[68]
Removing Lhs of wire tmpOE__MOSI_N5110_net_0[108] = one[4]
Removing Lhs of wire tmpOE__SCLK_N5110_net_0[114] = one[4]
Removing Lhs of wire tmpOE__SS_N5110_net_0[120] = one[4]
Removing Lhs of wire tmpOE__nRST_N5110_net_0[127] = one[4]
Removing Lhs of wire tmpOE__MISO_N5110_net_0[133] = one[4]
Removing Lhs of wire tmpOE__DnC_N5110_net_0[138] = one[4]
Removing Lhs of wire Net_120[145] = zero[68]
Removing Rhs of wire Net_117[147] = \demux_1:tmp__demux_1_0_reg\[144]
Removing Lhs of wire \SPI_Nokia5110:BSPIM:so_send_reg\\D\[149] = zero[68]
Removing Lhs of wire \SPI_Nokia5110:BSPIM:mosi_pre_reg\\D\[155] = zero[68]
Removing Lhs of wire \SPI_Nokia5110:BSPIM:dpcounter_one_reg\\D\[157] = \SPI_Nokia5110:BSPIM:load_rx_data\[6]
Removing Lhs of wire \SPI_Nokia5110:BSPIM:mosi_from_dp_reg\\D\[158] = \SPI_Nokia5110:BSPIM:mosi_from_dp\[21]

------------------------------------------------------
Aliased 0 equations, 31 wires.
------------------------------------------------------

----------------------------------------------------------
Circuit simplification
----------------------------------------------------------

Substituting virtuals - pass 1:

Note:  Expanding virtual equation for '\SPI_Nokia5110:BSPIM:load_rx_data\' (cost = 1):
\SPI_Nokia5110:BSPIM:load_rx_data\ <= ((not \SPI_Nokia5110:BSPIM:count_4\ and not \SPI_Nokia5110:BSPIM:count_3\ and not \SPI_Nokia5110:BSPIM:count_2\ and not \SPI_Nokia5110:BSPIM:count_1\ and \SPI_Nokia5110:BSPIM:count_0\));

Note:  Expanding virtual equation for 'zero' (cost = 0):
zero <=  ('0') ;

Note:  Expanding virtual equation for 'Net_119' (cost = 0):
Net_119 <= (not Net_121);


Substituting virtuals - pass 2:

Note:  Expanding virtual equation for 'Net_117' (cost = 0):
Net_117 <= (not Net_121);


Substituting virtuals - pass 3:


----------------------------------------------------------
Circuit simplification results:

	Expanded 4 signals.
	Turned 0 signals into soft nodes.
	Maximum default expansion cost was set at 3.
----------------------------------------------------------

------------------------------------------------------
Alias Detection
------------------------------------------------------
Removing Lhs of wire Net_110[121] = Net_121[22]

------------------------------------------------------
Aliased 0 equations, 1 wires.
------------------------------------------------------

----------------------------------------------------------
Circuit simplification
----------------------------------------------------------

Eliminating unused logic - pass 1:


Eliminating unused logic - pass 2:


Substituting virtuals - pass 1:


----------------------------------------------------------
Circuit simplification results:

	Expanded 0 signals.
	Turned 0 signals into soft nodes.
	Maximum default expansion cost was set at 3.
----------------------------------------------------------

topld:  No errors.

CYPRESS_DIR    : C:\Program Files (x86)\Cypress\PSoC Creator\3.3\PSoC Creator\warp
Warp Program   : C:\Program Files (x86)\Cypress\PSoC Creator\3.3\PSoC Creator\warp\bin/warp.exe
Warp Arguments : -yv2 -q10 -ygs -o2 -v3 -.fftcfgtype=LE -ya "-.fftprj=C:\Users\Xwx47\Documents\PSoC Creator\Nokia5110\SPI_v0_0.cydsn\SPI_v0_0.cyprj" -dcpsoc3 SPI_v0_0.v -verilog
</CYPRESSTAG>
Warp synthesis phase: Elapsed time ==> 8s.741ms
<CYPRESSTAG name="Fitter results...">
<CYPRESSTAG name="Fitter startup details...">
cyp3fit: V3.3.0.7343, Family: PSoC3, Started at: Monday, 25 January 2016 01:24:35
Options: -yv2 -q10 -ygs -o2 -v3 -.fftcfgtype=LE -ya -.fftprj=C:\Users\Xwx47\Documents\PSoC Creator\Nokia5110\SPI_v0_0.cydsn\SPI_v0_0.cyprj -d CY8C5888LTI-LP097 SPI_v0_0.v -verilog
</CYPRESSTAG>
<CYPRESSTAG name="Design parsing">
Design parsing phase: Elapsed time ==> 0s.237ms
</CYPRESSTAG>
<CYPRESSTAG name="Tech mapping">
<CYPRESSTAG name="Initial Mapping" icon="FILE_RPT_TECHM">
    Converted constant MacroCell: \SPI_Nokia5110:BSPIM:so_send_reg\ from registered to combinatorial
    Converted constant MacroCell: \SPI_Nokia5110:BSPIM:mosi_pre_reg\ from registered to combinatorial
<CYPRESSTAG name="Global Clock Selection" icon="FILE_RPT_TECHM">
    Digital Clock 0: Automatic-assigning  clock 'SPI_Nokia5110_IntClock'. Fanout=1, Signal=\SPI_Nokia5110:Net_276\
</CYPRESSTAG>

Removing unused cells resulting from optimization
Done removing unused cells.
<CYPRESSTAG name="UDB Clock/Enable Remapping Results">
    UDB Clk/Enable \SPI_Nokia5110:BSPIM:ClkEn\: with output requested to be synchronous
        ClockIn: SPI_Nokia5110_IntClock was determined to be a global clock that is synchronous to BUS_CLK
        EnableIn: Constant 1 was determined to be synchronous to ClockIn
        ClockOut: SPI_Nokia5110_IntClock, EnableOut: Constant 1
</CYPRESSTAG>

Removing unused cells resulting from optimization
Done removing unused cells.
<CYPRESSTAG name="Duplicate Macrocell detection">
</CYPRESSTAG>
</CYPRESSTAG>
<CYPRESSTAG name="Duplicate Macrocell detection">
</CYPRESSTAG>
<CYPRESSTAG name="Design Equations" icon="FILE_RPT_EQUATION">

------------------------------------------------------------
Design Equations
------------------------------------------------------------
    <CYPRESSTAG name="Pin listing">

    ------------------------------------------------------------
    Pin listing
    ------------------------------------------------------------

    Pin : Name = MOSI_N5110(0)
        Attributes:
            In Group/Port: True
            In Sync Option: AUTO
            Out Sync Option: NOSYNC
            Interrupt generated: False
            Interrupt mode: NONE
            Drive mode: CMOS_OUT
            VTrip: EITHER
            Slew: FAST
            Input Sync needed: False
            Output Sync needed: False
            SC shield enabled: False
            POR State: ANY
            LCD Mode: COMMON
            Register Mode: RegComb
            CaSense Mode: NEITHER
            Treat as pin: True
            Is OE Registered: False
            Uses Analog: False
            Can contain Digital: True
            Is SIO: False
            SIO Output Buf: NONREGULATED
            SIO Input Buf: SINGLE_ENDED
            SIO HiFreq: LOW
            SIO Hyst: DISABLED
            SIO Vtrip: MULTIPLIER_0_5
            SIO Multiplier Index: 0
            SIO RefSel: VCC_IO
            Required Capabilitites: DIGITAL, ROUTABLE
            Initial Value: 0
            IO Voltage: 0
        PORT MAP (
            pa_out => MOSI_N5110(0)__PA ,
            input => Net_10 ,
            pad => MOSI_N5110(0)_PAD );
        Properties:
        {
        }

    Pin : Name = SCLK_N5110(0)
        Attributes:
            In Group/Port: True
            In Sync Option: AUTO
            Out Sync Option: NOSYNC
            Interrupt generated: False
            Interrupt mode: NONE
            Drive mode: CMOS_OUT
            VTrip: EITHER
            Slew: FAST
            Input Sync needed: False
            Output Sync needed: False
            SC shield enabled: False
            POR State: ANY
            LCD Mode: COMMON
            Register Mode: RegComb
            CaSense Mode: NEITHER
            Treat as pin: True
            Is OE Registered: False
            Uses Analog: False
            Can contain Digital: True
            Is SIO: False
            SIO Output Buf: NONREGULATED
            SIO Input Buf: SINGLE_ENDED
            SIO HiFreq: LOW
            SIO Hyst: DISABLED
            SIO Vtrip: MULTIPLIER_0_5
            SIO Multiplier Index: 0
            SIO RefSel: VCC_IO
            Required Capabilitites: DIGITAL, ROUTABLE
            Initial Value: 0
            IO Voltage: 0
        PORT MAP (
            pa_out => SCLK_N5110(0)__PA ,
            input => Net_11 ,
            pad => SCLK_N5110(0)_PAD );
        Properties:
        {
        }

    Pin : Name = SS_N5110(0)
        Attributes:
            In Group/Port: True
            In Sync Option: AUTO
            Out Sync Option: NOSYNC
            Interrupt generated: False
            Interrupt mode: NONE
            Drive mode: CMOS_OUT
            VTrip: EITHER
            Slew: FAST
            Input Sync needed: False
            Output Sync needed: False
            SC shield enabled: False
            POR State: ANY
            LCD Mode: COMMON
            Register Mode: RegComb
            CaSense Mode: NEITHER
            Treat as pin: True
            Is OE Registered: False
            Uses Analog: False
            Can contain Digital: True
            Is SIO: False
            SIO Output Buf: NONREGULATED
            SIO Input Buf: SINGLE_ENDED
            SIO HiFreq: LOW
            SIO Hyst: DISABLED
            SIO Vtrip: MULTIPLIER_0_5
            SIO Multiplier Index: 0
            SIO RefSel: VCC_IO
            Required Capabilitites: DIGITAL, ROUTABLE
            Initial Value: 1
            IO Voltage: 0
        PORT MAP (
            pa_out => SS_N5110(0)__PA ,
            input => Net_121 ,
            pad => SS_N5110(0)_PAD );
        Properties:
        {
        }

    Pin : Name = nRST_N5110(0)
        Attributes:
            In Group/Port: True
            In Sync Option: AUTO
            Out Sync Option: NOSYNC
            Interrupt generated: False
            Interrupt mode: NONE
            Drive mode: CMOS_OUT
            VTrip: EITHER
            Slew: FAST
            Input Sync needed: False
            Output Sync needed: False
            SC shield enabled: False
            POR State: ANY
            LCD Mode: COMMON
            Register Mode: RegComb
            CaSense Mode: NEITHER
            Treat as pin: True
            Is OE Registered: False
            Uses Analog: False
            Can contain Digital: True
            Is SIO: False
            SIO Output Buf: NONREGULATED
            SIO Input Buf: SINGLE_ENDED
            SIO HiFreq: LOW
            SIO Hyst: DISABLED
            SIO Vtrip: MULTIPLIER_0_5
            SIO Multiplier Index: 0
            SIO RefSel: VCC_IO
            Required Capabilitites: DIGITAL
            Initial Value: 1
            IO Voltage: 0
        PORT MAP (
            pa_out => nRST_N5110(0)__PA ,
            pad => nRST_N5110(0)_PAD );
        Properties:
        {
        }

    Pin : Name = MISO_N5110(0)
        Attributes:
            In Group/Port: True
            In Sync Option: SYNC
            Out Sync Option: AUTO
            Interrupt generated: False
            Interrupt mode: NONE
            Drive mode: HI_Z_DIGITAL
            VTrip: CMOS
            Slew: FAST
            Input Sync needed: True
            Output Sync needed: False
            SC shield enabled: False
            POR State: ANY
            LCD Mode: COMMON
            Register Mode: RegComb
            CaSense Mode: NEITHER
            Treat as pin: True
            Is OE Registered: False
            Uses Analog: False
            Can contain Digital: True
            Is SIO: False
            SIO Output Buf: NONREGULATED
            SIO Input Buf: SINGLE_ENDED
            SIO HiFreq: LOW
            SIO Hyst: DISABLED
            SIO Vtrip: MULTIPLIER_0_5
            SIO Multiplier Index: 0
            SIO RefSel: VCC_IO
            Required Capabilitites: DIGITAL, ROUTABLE
            Initial Value: 0
            IO Voltage: 0
        PORT MAP (
            pa_out => MISO_N5110(0)__PA ,
            fb => Net_13 ,
            pad => MISO_N5110(0)_PAD );
        Properties:
        {
        }

    Pin : Name = DnC_N5110(0)
        Attributes:
            In Group/Port: True
            In Sync Option: AUTO
            Out Sync Option: NOSYNC
            Interrupt generated: False
            Interrupt mode: NONE
            Drive mode: CMOS_OUT
            VTrip: EITHER
            Slew: FAST
            Input Sync needed: False
            Output Sync needed: False
            SC shield enabled: False
            POR State: ANY
            LCD Mode: COMMON
            Register Mode: RegComb
            CaSense Mode: NEITHER
            Treat as pin: True
            Is OE Registered: False
            Uses Analog: False
            Can contain Digital: True
            Is SIO: False
            SIO Output Buf: NONREGULATED
            SIO Input Buf: SINGLE_ENDED
            SIO HiFreq: LOW
            SIO Hyst: DISABLED
            SIO Vtrip: MULTIPLIER_0_5
            SIO Multiplier Index: 0
            SIO RefSel: VCC_IO
            Required Capabilitites: DIGITAL
            Initial Value: 1
            IO Voltage: 0
        PORT MAP (
            pa_out => DnC_N5110(0)__PA ,
            pad => DnC_N5110(0)_PAD );
        Properties:
        {
        }
    </CYPRESSTAG>
    <CYPRESSTAG name="Macrocell listing" icon="FILE_RPT_EQUATION">

    ------------------------------------------------------------
    Macrocell listing
    ------------------------------------------------------------

    MacroCell: Name=\SPI_Nokia5110:BSPIM:load_rx_data\, Mode=(Combinatorial)
        Total # of inputs        : 5
        Total # of product terms : 1
            Clock Enable: True
        Main Equation            : 1 pterm
        (
              !\SPI_Nokia5110:BSPIM:count_4\ * !\SPI_Nokia5110:BSPIM:count_3\ * 
              !\SPI_Nokia5110:BSPIM:count_2\ * !\SPI_Nokia5110:BSPIM:count_1\ * 
              \SPI_Nokia5110:BSPIM:count_0\
        );
        Output = \SPI_Nokia5110:BSPIM:load_rx_data\ (fanout=2)

    MacroCell: Name=\SPI_Nokia5110:BSPIM:tx_status_0\, Mode=(Combinatorial)
        Total # of inputs        : 3
        Total # of product terms : 1
            Clock Enable: True
        Main Equation            : 1 pterm
        (
              \SPI_Nokia5110:BSPIM:state_2\ * !\SPI_Nokia5110:BSPIM:state_1\ * 
              \SPI_Nokia5110:BSPIM:state_0\
        );
        Output = \SPI_Nokia5110:BSPIM:tx_status_0\ (fanout=1)

    MacroCell: Name=\SPI_Nokia5110:BSPIM:tx_status_4\, Mode=(Combinatorial)
        Total # of inputs        : 3
        Total # of product terms : 1
            Clock Enable: True
        Main Equation            : 1 pterm
        (
              !\SPI_Nokia5110:BSPIM:state_2\ * !\SPI_Nokia5110:BSPIM:state_1\ * 
              !\SPI_Nokia5110:BSPIM:state_0\
        );
        Output = \SPI_Nokia5110:BSPIM:tx_status_4\ (fanout=1)

    MacroCell: Name=\SPI_Nokia5110:BSPIM:rx_status_6\, Mode=(Combinatorial)
        Total # of inputs        : 6
        Total # of product terms : 1
            Clock Enable: True
        Main Equation            : 1 pterm
        (
              !\SPI_Nokia5110:BSPIM:count_4\ * !\SPI_Nokia5110:BSPIM:count_3\ * 
              !\SPI_Nokia5110:BSPIM:count_2\ * !\SPI_Nokia5110:BSPIM:count_1\ * 
              \SPI_Nokia5110:BSPIM:count_0\ * 
              \SPI_Nokia5110:BSPIM:rx_status_4\
        );
        Output = \SPI_Nokia5110:BSPIM:rx_status_6\ (fanout=1)

    MacroCell: Name=Net_10, Mode=(D-Register)
        Total # of inputs        : 11
        Total # of product terms : 7
        List of special equations: 
            Clock  = (\SPI_Nokia5110:Net_276\) => Global
            Clock Enable: True
        Main Equation            : 7 pterms
        !(
              !Net_10 * !\SPI_Nokia5110:BSPIM:state_2\ * 
              \SPI_Nokia5110:BSPIM:state_0\
            + !\SPI_Nokia5110:BSPIM:state_2\ * !\SPI_Nokia5110:BSPIM:state_1\ * 
              !\SPI_Nokia5110:BSPIM:state_0\
            + !\SPI_Nokia5110:BSPIM:state_2\ * !\SPI_Nokia5110:BSPIM:state_0\ * 
              !\SPI_Nokia5110:BSPIM:count_4\ * !\SPI_Nokia5110:BSPIM:count_3\ * 
              !\SPI_Nokia5110:BSPIM:count_2\ * \SPI_Nokia5110:BSPIM:count_1\ * 
              !\SPI_Nokia5110:BSPIM:count_0\ * 
              !\SPI_Nokia5110:BSPIM:ld_ident\
            + \SPI_Nokia5110:BSPIM:state_2\ * !\SPI_Nokia5110:BSPIM:state_1\ * 
              \SPI_Nokia5110:BSPIM:state_0\
            + \SPI_Nokia5110:BSPIM:state_2\ * \SPI_Nokia5110:BSPIM:state_1\ * 
              !\SPI_Nokia5110:BSPIM:state_0\
            + \SPI_Nokia5110:BSPIM:state_2\ * 
              !\SPI_Nokia5110:BSPIM:mosi_from_dp\
            + !\SPI_Nokia5110:BSPIM:state_0\ * 
              !\SPI_Nokia5110:BSPIM:mosi_from_dp\
        );
        Output = Net_10 (fanout=2)

    MacroCell: Name=\SPI_Nokia5110:BSPIM:state_2\, Mode=(D-Register)
        Total # of inputs        : 10
        Total # of product terms : 3
        List of special equations: 
            Clock  = (\SPI_Nokia5110:Net_276\) => Global
            Clock Enable: True
        Main Equation            : 3 pterms
        (
              !\SPI_Nokia5110:BSPIM:state_2\ * !\SPI_Nokia5110:BSPIM:state_1\ * 
              \SPI_Nokia5110:BSPIM:state_0\
            + !\SPI_Nokia5110:BSPIM:state_2\ * \SPI_Nokia5110:BSPIM:state_1\ * 
              !\SPI_Nokia5110:BSPIM:state_0\ * !\SPI_Nokia5110:BSPIM:count_4\ * 
              !\SPI_Nokia5110:BSPIM:count_3\ * !\SPI_Nokia5110:BSPIM:count_2\ * 
              \SPI_Nokia5110:BSPIM:count_1\ * !\SPI_Nokia5110:BSPIM:count_0\ * 
              !\SPI_Nokia5110:BSPIM:ld_ident\
            + !\SPI_Nokia5110:BSPIM:state_2\ * \SPI_Nokia5110:BSPIM:state_0\ * 
              !\SPI_Nokia5110:BSPIM:count_4\ * !\SPI_Nokia5110:BSPIM:count_3\ * 
              \SPI_Nokia5110:BSPIM:count_2\ * !\SPI_Nokia5110:BSPIM:count_1\ * 
              \SPI_Nokia5110:BSPIM:count_0\ * 
              !\SPI_Nokia5110:BSPIM:tx_status_1\
        );
        Output = \SPI_Nokia5110:BSPIM:state_2\ (fanout=12)

    MacroCell: Name=\SPI_Nokia5110:BSPIM:state_1\, Mode=(T-Register)
        Total # of inputs        : 10
        Total # of product terms : 4
        List of special equations: 
            Clock  = (\SPI_Nokia5110:Net_276\) => Global
            Clock Enable: True
        Main Equation            : 4 pterms
        (
              !\SPI_Nokia5110:BSPIM:state_2\ * !\SPI_Nokia5110:BSPIM:state_1\ * 
              \SPI_Nokia5110:BSPIM:state_0\
            + !\SPI_Nokia5110:BSPIM:state_2\ * \SPI_Nokia5110:BSPIM:state_0\ * 
              !\SPI_Nokia5110:BSPIM:count_4\ * !\SPI_Nokia5110:BSPIM:count_3\ * 
              \SPI_Nokia5110:BSPIM:count_2\ * !\SPI_Nokia5110:BSPIM:count_1\ * 
              \SPI_Nokia5110:BSPIM:count_0\ * 
              !\SPI_Nokia5110:BSPIM:tx_status_1\
            + \SPI_Nokia5110:BSPIM:state_2\ * !\SPI_Nokia5110:BSPIM:state_0\
            + \SPI_Nokia5110:BSPIM:state_1\ * !\SPI_Nokia5110:BSPIM:state_0\ * 
              !\SPI_Nokia5110:BSPIM:count_4\ * !\SPI_Nokia5110:BSPIM:count_3\ * 
              !\SPI_Nokia5110:BSPIM:count_2\ * \SPI_Nokia5110:BSPIM:count_1\ * 
              !\SPI_Nokia5110:BSPIM:count_0\ * 
              !\SPI_Nokia5110:BSPIM:ld_ident\
        );
        Output = \SPI_Nokia5110:BSPIM:state_1\ (fanout=12)

    MacroCell: Name=\SPI_Nokia5110:BSPIM:state_0\, Mode=(T-Register)
        Total # of inputs        : 4
        Total # of product terms : 3
        List of special equations: 
            Clock  = (\SPI_Nokia5110:Net_276\) => Global
            Clock Enable: True
        Main Equation            : 3 pterms
        (
              !\SPI_Nokia5110:BSPIM:state_2\ * \SPI_Nokia5110:BSPIM:state_1\
            + \SPI_Nokia5110:BSPIM:state_2\ * !\SPI_Nokia5110:BSPIM:state_1\
            + !\SPI_Nokia5110:BSPIM:state_1\ * !\SPI_Nokia5110:BSPIM:state_0\ * 
              !\SPI_Nokia5110:BSPIM:tx_status_1\
        );
        Output = \SPI_Nokia5110:BSPIM:state_0\ (fanout=12)

    MacroCell: Name=Net_121, Mode=(D-Register)
        Total # of inputs        : 4
        Total # of product terms : 4
        List of special equations: 
            Clock  = (\SPI_Nokia5110:Net_276\) => Global
            Clock Enable: True
        Main Equation            : 4 pterms
        !(
              !\SPI_Nokia5110:BSPIM:state_2\ * !\SPI_Nokia5110:BSPIM:state_1\ * 
              \SPI_Nokia5110:BSPIM:state_0\
            + !\SPI_Nokia5110:BSPIM:state_2\ * \SPI_Nokia5110:BSPIM:state_1\ * 
              !Net_121
            + \SPI_Nokia5110:BSPIM:state_2\ * !\SPI_Nokia5110:BSPIM:state_1\ * 
              !\SPI_Nokia5110:BSPIM:state_0\ * !Net_121
            + \SPI_Nokia5110:BSPIM:state_1\ * \SPI_Nokia5110:BSPIM:state_0\ * 
              !Net_121
        );
        Output = Net_121 (fanout=2)

    MacroCell: Name=\SPI_Nokia5110:BSPIM:load_cond\, Mode=(T-Register)
        Total # of inputs        : 9
        Total # of product terms : 4
        List of special equations: 
            Clock  = (\SPI_Nokia5110:Net_276\) => Global
            Clock Enable: True
        Main Equation            : 4 pterms
        (
              !\SPI_Nokia5110:BSPIM:state_2\ * !\SPI_Nokia5110:BSPIM:count_4\ * 
              !\SPI_Nokia5110:BSPIM:count_3\ * !\SPI_Nokia5110:BSPIM:count_2\ * 
              !\SPI_Nokia5110:BSPIM:count_1\ * !\SPI_Nokia5110:BSPIM:count_0\ * 
              \SPI_Nokia5110:BSPIM:load_cond\
            + \SPI_Nokia5110:BSPIM:state_2\ * !\SPI_Nokia5110:BSPIM:state_1\ * 
              !\SPI_Nokia5110:BSPIM:state_0\ * 
              !\SPI_Nokia5110:BSPIM:load_cond\
            + \SPI_Nokia5110:BSPIM:state_1\ * !\SPI_Nokia5110:BSPIM:count_4\ * 
              !\SPI_Nokia5110:BSPIM:count_3\ * !\SPI_Nokia5110:BSPIM:count_2\ * 
              !\SPI_Nokia5110:BSPIM:count_1\ * !\SPI_Nokia5110:BSPIM:count_0\ * 
              \SPI_Nokia5110:BSPIM:load_cond\
            + \SPI_Nokia5110:BSPIM:state_0\ * !\SPI_Nokia5110:BSPIM:count_4\ * 
              !\SPI_Nokia5110:BSPIM:count_3\ * !\SPI_Nokia5110:BSPIM:count_2\ * 
              !\SPI_Nokia5110:BSPIM:count_1\ * !\SPI_Nokia5110:BSPIM:count_0\ * 
              \SPI_Nokia5110:BSPIM:load_cond\
        );
        Output = \SPI_Nokia5110:BSPIM:load_cond\ (fanout=1)

    MacroCell: Name=\SPI_Nokia5110:BSPIM:ld_ident\, Mode=(T-Register)
        Total # of inputs        : 9
        Total # of product terms : 3
        List of special equations: 
            Clock  = (\SPI_Nokia5110:Net_276\) => Global
            Clock Enable: True
        Main Equation            : 3 pterms
        (
              \SPI_Nokia5110:BSPIM:state_2\ * !\SPI_Nokia5110:BSPIM:state_1\ * 
              !\SPI_Nokia5110:BSPIM:state_0\ * 
              !\SPI_Nokia5110:BSPIM:ld_ident\
            + \SPI_Nokia5110:BSPIM:state_2\ * \SPI_Nokia5110:BSPIM:state_1\ * 
              !\SPI_Nokia5110:BSPIM:state_0\ * \SPI_Nokia5110:BSPIM:ld_ident\
            + \SPI_Nokia5110:BSPIM:state_1\ * !\SPI_Nokia5110:BSPIM:state_0\ * 
              !\SPI_Nokia5110:BSPIM:count_4\ * !\SPI_Nokia5110:BSPIM:count_3\ * 
              !\SPI_Nokia5110:BSPIM:count_2\ * \SPI_Nokia5110:BSPIM:count_1\ * 
              !\SPI_Nokia5110:BSPIM:count_0\ * \SPI_Nokia5110:BSPIM:ld_ident\
        );
        Output = \SPI_Nokia5110:BSPIM:ld_ident\ (fanout=4)

    MacroCell: Name=\SPI_Nokia5110:BSPIM:cnt_enable\, Mode=(T-Register)
        Total # of inputs        : 4
        Total # of product terms : 4
        List of special equations: 
            Clock  = (\SPI_Nokia5110:Net_276\) => Global
            Clock Enable: True
        Main Equation            : 4 pterms
        (
              !\SPI_Nokia5110:BSPIM:state_2\ * !\SPI_Nokia5110:BSPIM:state_1\ * 
              !\SPI_Nokia5110:BSPIM:state_0\ * 
              \SPI_Nokia5110:BSPIM:cnt_enable\
            + !\SPI_Nokia5110:BSPIM:state_2\ * \SPI_Nokia5110:BSPIM:state_1\ * 
              \SPI_Nokia5110:BSPIM:state_0\ * 
              !\SPI_Nokia5110:BSPIM:cnt_enable\
            + \SPI_Nokia5110:BSPIM:state_2\ * !\SPI_Nokia5110:BSPIM:state_1\ * 
              \SPI_Nokia5110:BSPIM:state_0\ * 
              \SPI_Nokia5110:BSPIM:cnt_enable\
            + \SPI_Nokia5110:BSPIM:state_2\ * \SPI_Nokia5110:BSPIM:state_1\ * 
              !\SPI_Nokia5110:BSPIM:state_0\ * 
              \SPI_Nokia5110:BSPIM:cnt_enable\
        );
        Output = \SPI_Nokia5110:BSPIM:cnt_enable\ (fanout=2)

    MacroCell: Name=Net_11, Mode=(D-Register)
        Total # of inputs        : 4
        Total # of product terms : 2
        List of special equations: 
            Clock  = (\SPI_Nokia5110:Net_276\) => Global
            Clock Enable: True
        Main Equation            : 2 pterms
        (
              !\SPI_Nokia5110:BSPIM:state_2\ * \SPI_Nokia5110:BSPIM:state_1\ * 
              \SPI_Nokia5110:BSPIM:state_0\
            + \SPI_Nokia5110:BSPIM:state_1\ * \SPI_Nokia5110:BSPIM:state_0\ * 
              Net_11
        );
        Output = Net_11 (fanout=2)
    </CYPRESSTAG>
    <CYPRESSTAG name="Datapath listing">

    ------------------------------------------------------------
    Datapath listing
    ------------------------------------------------------------

    datapathcell: Name =\SPI_Nokia5110:BSPIM:sR8:Dp:u0\
        PORT MAP (
            clock => \SPI_Nokia5110:Net_276\ ,
            cs_addr_2 => \SPI_Nokia5110:BSPIM:state_2\ ,
            cs_addr_1 => \SPI_Nokia5110:BSPIM:state_1\ ,
            cs_addr_0 => \SPI_Nokia5110:BSPIM:state_0\ ,
            route_si => Net_13 ,
            f1_load => \SPI_Nokia5110:BSPIM:load_rx_data\ ,
            so_comb => \SPI_Nokia5110:BSPIM:mosi_from_dp\ ,
            f0_bus_stat_comb => \SPI_Nokia5110:BSPIM:tx_status_2\ ,
            f0_blk_stat_comb => \SPI_Nokia5110:BSPIM:tx_status_1\ ,
            f1_bus_stat_comb => \SPI_Nokia5110:BSPIM:rx_status_5\ ,
            f1_blk_stat_comb => \SPI_Nokia5110:BSPIM:rx_status_4\ );
        Properties:
        {
            a0_init = "00000000"
            a1_init = "00000000"
            ce0_sync = 1
            ce1_sync = 1
            cl0_sync = 1
            cl1_sync = 1
            cmsb_sync = 1
            co_msb_sync = 1
            cy_dpconfig = "0000000000000000000000001100000000000001010000000001000100010000000000011100000000010001000000000000000101000000000000010100000011111111000000001111111111111111000000000010001000001000111100000000000000000100"
            d0_init = "00000000"
            d1_init = "00000000"
            f0_blk_sync = 1
            f0_bus_sync = 1
            f1_blk_sync = 1
            f1_bus_sync = 1
            ff0_sync = 1
            ff1_sync = 1
            ov_msb_sync = 1
            so_sync = 1
            z0_sync = 1
            z1_sync = 1
        }
        Clock Polarity: Active High
        Clock Enable: True
    </CYPRESSTAG>
    <CYPRESSTAG name="Status register listing">
    </CYPRESSTAG>
    <CYPRESSTAG name="StatusI register listing">

    ------------------------------------------------------------
    StatusI register listing
    ------------------------------------------------------------

    statusicell: Name =\SPI_Nokia5110:BSPIM:TxStsReg\
        PORT MAP (
            clock => \SPI_Nokia5110:Net_276\ ,
            status_4 => \SPI_Nokia5110:BSPIM:tx_status_4\ ,
            status_3 => \SPI_Nokia5110:BSPIM:load_rx_data\ ,
            status_2 => \SPI_Nokia5110:BSPIM:tx_status_2\ ,
            status_1 => \SPI_Nokia5110:BSPIM:tx_status_1\ ,
            status_0 => \SPI_Nokia5110:BSPIM:tx_status_0\ );
        Properties:
        {
            cy_force_order = 1
            cy_int_mask = "0000000"
            cy_md_select = "0001001"
        }
        Clock Polarity: Active High
        Clock Enable: True

    statusicell: Name =\SPI_Nokia5110:BSPIM:RxStsReg\
        PORT MAP (
            clock => \SPI_Nokia5110:Net_276\ ,
            status_6 => \SPI_Nokia5110:BSPIM:rx_status_6\ ,
            status_5 => \SPI_Nokia5110:BSPIM:rx_status_5\ ,
            status_4 => \SPI_Nokia5110:BSPIM:rx_status_4\ );
        Properties:
        {
            cy_force_order = 1
            cy_int_mask = "0000000"
            cy_md_select = "1000000"
        }
        Clock Polarity: Active High
        Clock Enable: True
    </CYPRESSTAG>
    <CYPRESSTAG name="Sync listing">
    </CYPRESSTAG>
    <CYPRESSTAG name="Control register listing">
    </CYPRESSTAG>
    <CYPRESSTAG name="Count7 listing">

    ------------------------------------------------------------
    Count7 listing
    ------------------------------------------------------------

    count7cell: Name =\SPI_Nokia5110:BSPIM:BitCounter\
        PORT MAP (
            clock => \SPI_Nokia5110:Net_276\ ,
            enable => \SPI_Nokia5110:BSPIM:cnt_enable\ ,
            count_6 => \SPI_Nokia5110:BSPIM:count_6\ ,
            count_5 => \SPI_Nokia5110:BSPIM:count_5\ ,
            count_4 => \SPI_Nokia5110:BSPIM:count_4\ ,
            count_3 => \SPI_Nokia5110:BSPIM:count_3\ ,
            count_2 => \SPI_Nokia5110:BSPIM:count_2\ ,
            count_1 => \SPI_Nokia5110:BSPIM:count_1\ ,
            count_0 => \SPI_Nokia5110:BSPIM:count_0\ ,
            tc => \SPI_Nokia5110:BSPIM:cnt_tc\ );
        Properties:
        {
            cy_alt_mode = 0
            cy_init_value = "0000000"
            cy_period = "0001111"
            cy_route_en = 1
            cy_route_ld = 0
        }
        Clock Polarity: Active High
        Clock Enable: True
    </CYPRESSTAG>
    <CYPRESSTAG name="DRQ listing">
    </CYPRESSTAG>
    <CYPRESSTAG name="Interrupt listing">
    </CYPRESSTAG>
</CYPRESSTAG>
<CYPRESSTAG name="Technology mapping summary" expanded>

------------------------------------------------------------
Technology mapping summary
------------------------------------------------------------

Resource Type                 : Used : Free :  Max :  % Used
============================================================
Digital Clocks                :    1 :    7 :    8 : 12.50 %
Analog Clocks                 :    0 :    4 :    4 :  0.00 %
CapSense Buffers              :    0 :    2 :    2 :  0.00 %
Digital Filter Block          :    0 :    1 :    1 :  0.00 %
Interrupts                    :    0 :   32 :   32 :  0.00 %
IO                            :    9 :   39 :   48 : 18.75 %
Segment LCD                   :    0 :    1 :    1 :  0.00 %
CAN 2.0b                      :    0 :    1 :    1 :  0.00 %
I2C                           :    0 :    1 :    1 :  0.00 %
USB                           :    0 :    1 :    1 :  0.00 %
DMA Channels                  :    0 :   24 :   24 :  0.00 %
Timer                         :    0 :    4 :    4 :  0.00 %
UDB                           :      :      :      :        
  Macrocells                  :   13 :  179 :  192 :  6.77 %
  Unique P-terms              :   33 :  351 :  384 :  8.59 %
  Total P-terms               :   38 :      :      :        
  Datapath Cells              :    1 :   23 :   24 :  4.17 %
  Status Cells                :    3 :   21 :   24 : 12.50 %
    StatusI Registers         :    2 :      :      :        
    Routed Count7 Load/Enable :    1 :      :      :        
  Control Cells               :    1 :   23 :   24 :  4.17 %
    Count7 Cells              :    1 :      :      :        
Opamp                         :    0 :    4 :    4 :  0.00 %
Comparator                    :    0 :    4 :    4 :  0.00 %
Delta-Sigma ADC               :    0 :    1 :    1 :  0.00 %
LPF                           :    0 :    2 :    2 :  0.00 %
SAR ADC                       :    0 :    2 :    2 :  0.00 %
Analog (SC/CT) Blocks         :    0 :    4 :    4 :  0.00 %
DAC                           :      :      :      :        
  VIDAC                       :    0 :    4 :    4 :  0.00 %
</CYPRESSTAG>
Technology Mapping: Elapsed time ==> 0s.574ms
Tech mapping phase: Elapsed time ==> 1s.958ms
</CYPRESSTAG>
<CYPRESSTAG name="Analog Placement">
Initial Analog Placement Results:
IO_7@[IOP=(12)][IoId=(7)] : DnC_N5110(0) (fixed)
IO_3@[IOP=(12)][IoId=(3)] : MISO_N5110(0) (fixed)
IO_2@[IOP=(12)][IoId=(2)] : MOSI_N5110(0) (fixed)
IO_0@[IOP=(12)][IoId=(0)] : SCLK_N5110(0) (fixed)
IO_1@[IOP=(12)][IoId=(1)] : SS_N5110(0) (fixed)
IO_6@[IOP=(12)][IoId=(6)] : nRST_N5110(0) (fixed)
Analog Placement phase: Elapsed time ==> 0s.441ms
</CYPRESSTAG>
<CYPRESSTAG name="Analog Routing">
Analog Routing phase: Elapsed time ==> 0s.015ms
</CYPRESSTAG>
<CYPRESSTAG name="Analog Code Generation">
============ Analog Final Answer Routes ============
Dump of CyAnalogRoutingResultsDB
Map of net to items {
}
Map of item to net {
}
Mux Info {
}
Dump of CyP35AnalogRoutingResultsDB
IsVddaHalfUsedForComp = False
IsVddaHalfUsedForSar0 = False
IsVddaHalfUsedForSar1 = False
Analog Code Generation phase: Elapsed time ==> 9s.394ms
</CYPRESSTAG>
<CYPRESSTAG name="Digital Placement">
<CYPRESSTAG name="Detailed placement messages">
I2076: Total run-time: 14.8 sec.

</CYPRESSTAG>
<CYPRESSTAG name="PLD Packing">
<CYPRESSTAG name="PLD Packing Summary" expanded>

------------------------------------------------------------
PLD Packing Summary
------------------------------------------------------------
            Resource Type : Used : Free :  Max :  % Used
    ====================================================
                     PLDs :    7 :   41 :   48 :  14.58%

<CYPRESSTAG name="PLD Statistics">

        PLD Resource Type :     Average/LAB
    =======================================
                   Inputs :            7.71
                   Pterms :            4.86
               Macrocells :            1.86
</CYPRESSTAG>
<CYPRESSTAG name="Packed PLD Contents">
Packed PLD Contents not displayed at this verbose level.</CYPRESSTAG>
</CYPRESSTAG>
PLD Packing: Elapsed time ==> 0s.010ms
</CYPRESSTAG>
<CYPRESSTAG name="Partitioning">
<CYPRESSTAG name="Initial Partitioning Summary">
Initial Partitioning Summary not displayed at this verbose level.</CYPRESSTAG>
<CYPRESSTAG name="Final Partitioning Summary">
Final Partitioning Summary not displayed at this verbose level.</CYPRESSTAG>
Partitioning: Elapsed time ==> 0s.415ms
</CYPRESSTAG>
<CYPRESSTAG name="Simulated Annealing">
Annealing: Elapsed time ==> 0s.010ms
<CYPRESSTAG name="Simulated Annealing Results">
The seed used for moves was 114161200.
Inital cost was 153, final cost is 153 (0.00% improvement).</CYPRESSTAG>
</CYPRESSTAG>
<CYPRESSTAG name="Final Placement Summary">

------------------------------------------------------------
Final Placement Summary
------------------------------------------------------------

       Resource Type :      Count : Avg Inputs : Avg Outputs
    ========================================================
                 UDB :          4 :       9.75 :       3.25
<CYPRESSTAG name="Final Placement Details">
<CYPRESSTAG name="Component Details">

------------------------------------------------------------
Component Placement Details
------------------------------------------------------------
UDB [UDB=(0,0)] is empty.
UDB [UDB=(0,1)] is empty.
UDB [UDB=(0,2)] is empty.
UDB [UDB=(0,3)] is empty.
UDB [UDB=(0,4)] is empty.
UDB [UDB=(0,5)] is empty.
UDB [UDB=(1,0)] is empty.
UDB [UDB=(1,1)] is empty.
UDB [UDB=(1,2)] is empty.
UDB [UDB=(1,3)] is empty.
UDB [UDB=(1,4)] is empty.
UDB [UDB=(1,5)] is empty.
UDB [UDB=(2,0)] is empty.
UDB [UDB=(2,1)] contents:
LAB@[UDB=(2,1)][LB=0] #macrocells=2, #inputs=10, #pterms=5
{
    [McSlotId=0]: (empty)
    [McSlotId=1]:     MacroCell: Name=Net_121, Mode=(D-Register) @ [UDB=(2,1)][LB=0][MC=1]
        Total # of inputs        : 4
        Total # of product terms : 4
        List of special equations: 
            Clock  = (\SPI_Nokia5110:Net_276\) => Global
            Clock Enable: True
        Main Equation            : 4 pterms
        !(
              !\SPI_Nokia5110:BSPIM:state_2\ * !\SPI_Nokia5110:BSPIM:state_1\ * 
              \SPI_Nokia5110:BSPIM:state_0\
            + !\SPI_Nokia5110:BSPIM:state_2\ * \SPI_Nokia5110:BSPIM:state_1\ * 
              !Net_121
            + \SPI_Nokia5110:BSPIM:state_2\ * !\SPI_Nokia5110:BSPIM:state_1\ * 
              !\SPI_Nokia5110:BSPIM:state_0\ * !Net_121
            + \SPI_Nokia5110:BSPIM:state_1\ * \SPI_Nokia5110:BSPIM:state_0\ * 
              !Net_121
        );
        Output = Net_121 (fanout=2)
        Properties               : 
        {
        }

    [McSlotId=2]:     MacroCell: Name=\SPI_Nokia5110:BSPIM:rx_status_6\, Mode=(Combinatorial) @ [UDB=(2,1)][LB=0][MC=2]
        Total # of inputs        : 6
        Total # of product terms : 1
            Clock Enable: True
        Main Equation            : 1 pterm
        (
              !\SPI_Nokia5110:BSPIM:count_4\ * !\SPI_Nokia5110:BSPIM:count_3\ * 
              !\SPI_Nokia5110:BSPIM:count_2\ * !\SPI_Nokia5110:BSPIM:count_1\ * 
              \SPI_Nokia5110:BSPIM:count_0\ * 
              \SPI_Nokia5110:BSPIM:rx_status_4\
        );
        Output = \SPI_Nokia5110:BSPIM:rx_status_6\ (fanout=1)
        Properties               : 
        {
        }

    [McSlotId=3]: (empty)
}

LAB@[UDB=(2,1)][LB=1] #macrocells=1, #inputs=4, #pterms=3
{
    [McSlotId=0]:     MacroCell: Name=\SPI_Nokia5110:BSPIM:state_0\, Mode=(T-Register) @ [UDB=(2,1)][LB=1][MC=0]
        Total # of inputs        : 4
        Total # of product terms : 3
        List of special equations: 
            Clock  = (\SPI_Nokia5110:Net_276\) => Global
            Clock Enable: True
        Main Equation            : 3 pterms
        (
              !\SPI_Nokia5110:BSPIM:state_2\ * \SPI_Nokia5110:BSPIM:state_1\
            + \SPI_Nokia5110:BSPIM:state_2\ * !\SPI_Nokia5110:BSPIM:state_1\
            + !\SPI_Nokia5110:BSPIM:state_1\ * !\SPI_Nokia5110:BSPIM:state_0\ * 
              !\SPI_Nokia5110:BSPIM:tx_status_1\
        );
        Output = \SPI_Nokia5110:BSPIM:state_0\ (fanout=12)
        Properties               : 
        {
        }

    [McSlotId=1]: (empty)
    [McSlotId=2]: (empty)
    [McSlotId=3]: (empty)
}

statusicell: Name =\SPI_Nokia5110:BSPIM:RxStsReg\
    PORT MAP (
        clock => \SPI_Nokia5110:Net_276\ ,
        status_6 => \SPI_Nokia5110:BSPIM:rx_status_6\ ,
        status_5 => \SPI_Nokia5110:BSPIM:rx_status_5\ ,
        status_4 => \SPI_Nokia5110:BSPIM:rx_status_4\ );
    Properties:
    {
        cy_force_order = 1
        cy_int_mask = "0000000"
        cy_md_select = "1000000"
    }
    Clock Polarity: Active High
    Clock Enable: True

UDB [UDB=(2,2)] is empty.
UDB [UDB=(2,3)] contents:
LAB@[UDB=(2,3)][LB=0] #macrocells=1, #inputs=5, #pterms=1
{
    [McSlotId=0]: (empty)
    [McSlotId=1]:     MacroCell: Name=\SPI_Nokia5110:BSPIM:load_rx_data\, Mode=(Combinatorial) @ [UDB=(2,3)][LB=0][MC=1]
        Total # of inputs        : 5
        Total # of product terms : 1
            Clock Enable: True
        Main Equation            : 1 pterm
        (
              !\SPI_Nokia5110:BSPIM:count_4\ * !\SPI_Nokia5110:BSPIM:count_3\ * 
              !\SPI_Nokia5110:BSPIM:count_2\ * !\SPI_Nokia5110:BSPIM:count_1\ * 
              \SPI_Nokia5110:BSPIM:count_0\
        );
        Output = \SPI_Nokia5110:BSPIM:load_rx_data\ (fanout=2)
        Properties               : 
        {
        }

    [McSlotId=2]: (empty)
    [McSlotId=3]: (empty)
}

UDB [UDB=(2,4)] is empty.
UDB [UDB=(2,5)] is empty.
UDB [UDB=(3,0)] is empty.
UDB [UDB=(3,1)] contents:
LAB@[UDB=(3,1)][LB=0] #macrocells=2, #inputs=10, #pterms=6
{
    [McSlotId=0]:     MacroCell: Name=Net_11, Mode=(D-Register) @ [UDB=(3,1)][LB=0][MC=0]
        Total # of inputs        : 4
        Total # of product terms : 2
        List of special equations: 
            Clock  = (\SPI_Nokia5110:Net_276\) => Global
            Clock Enable: True
        Main Equation            : 2 pterms
        (
              !\SPI_Nokia5110:BSPIM:state_2\ * \SPI_Nokia5110:BSPIM:state_1\ * 
              \SPI_Nokia5110:BSPIM:state_0\
            + \SPI_Nokia5110:BSPIM:state_1\ * \SPI_Nokia5110:BSPIM:state_0\ * 
              Net_11
        );
        Output = Net_11 (fanout=2)
        Properties               : 
        {
        }

    [McSlotId=1]: (empty)
    [McSlotId=2]: (empty)
    [McSlotId=3]:     MacroCell: Name=\SPI_Nokia5110:BSPIM:load_cond\, Mode=(T-Register) @ [UDB=(3,1)][LB=0][MC=3]
        Total # of inputs        : 9
        Total # of product terms : 4
        List of special equations: 
            Clock  = (\SPI_Nokia5110:Net_276\) => Global
            Clock Enable: True
        Main Equation            : 4 pterms
        (
              !\SPI_Nokia5110:BSPIM:state_2\ * !\SPI_Nokia5110:BSPIM:count_4\ * 
              !\SPI_Nokia5110:BSPIM:count_3\ * !\SPI_Nokia5110:BSPIM:count_2\ * 
              !\SPI_Nokia5110:BSPIM:count_1\ * !\SPI_Nokia5110:BSPIM:count_0\ * 
              \SPI_Nokia5110:BSPIM:load_cond\
            + \SPI_Nokia5110:BSPIM:state_2\ * !\SPI_Nokia5110:BSPIM:state_1\ * 
              !\SPI_Nokia5110:BSPIM:state_0\ * 
              !\SPI_Nokia5110:BSPIM:load_cond\
            + \SPI_Nokia5110:BSPIM:state_1\ * !\SPI_Nokia5110:BSPIM:count_4\ * 
              !\SPI_Nokia5110:BSPIM:count_3\ * !\SPI_Nokia5110:BSPIM:count_2\ * 
              !\SPI_Nokia5110:BSPIM:count_1\ * !\SPI_Nokia5110:BSPIM:count_0\ * 
              \SPI_Nokia5110:BSPIM:load_cond\
            + \SPI_Nokia5110:BSPIM:state_0\ * !\SPI_Nokia5110:BSPIM:count_4\ * 
              !\SPI_Nokia5110:BSPIM:count_3\ * !\SPI_Nokia5110:BSPIM:count_2\ * 
              !\SPI_Nokia5110:BSPIM:count_1\ * !\SPI_Nokia5110:BSPIM:count_0\ * 
              \SPI_Nokia5110:BSPIM:load_cond\
        );
        Output = \SPI_Nokia5110:BSPIM:load_cond\ (fanout=1)
        Properties               : 
        {
        }
}

LAB@[UDB=(3,1)][LB=1] #macrocells=1, #inputs=4, #pterms=4
{
    [McSlotId=0]: (empty)
    [McSlotId=1]: (empty)
    [McSlotId=2]:     MacroCell: Name=\SPI_Nokia5110:BSPIM:cnt_enable\, Mode=(T-Register) @ [UDB=(3,1)][LB=1][MC=2]
        Total # of inputs        : 4
        Total # of product terms : 4
        List of special equations: 
            Clock  = (\SPI_Nokia5110:Net_276\) => Global
            Clock Enable: True
        Main Equation            : 4 pterms
        (
              !\SPI_Nokia5110:BSPIM:state_2\ * !\SPI_Nokia5110:BSPIM:state_1\ * 
              !\SPI_Nokia5110:BSPIM:state_0\ * 
              \SPI_Nokia5110:BSPIM:cnt_enable\
            + !\SPI_Nokia5110:BSPIM:state_2\ * \SPI_Nokia5110:BSPIM:state_1\ * 
              \SPI_Nokia5110:BSPIM:state_0\ * 
              !\SPI_Nokia5110:BSPIM:cnt_enable\
            + \SPI_Nokia5110:BSPIM:state_2\ * !\SPI_Nokia5110:BSPIM:state_1\ * 
              \SPI_Nokia5110:BSPIM:state_0\ * 
              \SPI_Nokia5110:BSPIM:cnt_enable\
            + \SPI_Nokia5110:BSPIM:state_2\ * \SPI_Nokia5110:BSPIM:state_1\ * 
              !\SPI_Nokia5110:BSPIM:state_0\ * 
              \SPI_Nokia5110:BSPIM:cnt_enable\
        );
        Output = \SPI_Nokia5110:BSPIM:cnt_enable\ (fanout=3)
        Properties               : 
        {
        }

    [McSlotId=3]: (empty)
}

statusicell: Name =\SPI_Nokia5110:BSPIM:TxStsReg\
    PORT MAP (
        clock => \SPI_Nokia5110:Net_276\ ,
        status_4 => \SPI_Nokia5110:BSPIM:tx_status_4\ ,
        status_3 => \SPI_Nokia5110:BSPIM:load_rx_data\ ,
        status_2 => \SPI_Nokia5110:BSPIM:tx_status_2\ ,
        status_1 => \SPI_Nokia5110:BSPIM:tx_status_1\ ,
        status_0 => \SPI_Nokia5110:BSPIM:tx_status_0\ );
    Properties:
    {
        cy_force_order = 1
        cy_int_mask = "0000000"
        cy_md_select = "0001001"
    }
    Clock Polarity: Active High
    Clock Enable: True

UDB [UDB=(3,2)] is empty.
UDB [UDB=(3,3)] contents:
LAB@[UDB=(3,3)][LB=0] #macrocells=3, #inputs=11, #pterms=7
{
    [McSlotId=0]:     MacroCell: Name=\SPI_Nokia5110:BSPIM:tx_status_4\, Mode=(Combinatorial) @ [UDB=(3,3)][LB=0][MC=0]
        Total # of inputs        : 3
        Total # of product terms : 1
            Clock Enable: True
        Main Equation            : 1 pterm
        (
              !\SPI_Nokia5110:BSPIM:state_2\ * !\SPI_Nokia5110:BSPIM:state_1\ * 
              !\SPI_Nokia5110:BSPIM:state_0\
        );
        Output = \SPI_Nokia5110:BSPIM:tx_status_4\ (fanout=1)
        Properties               : 
        {
        }

    [McSlotId=1]: (empty)
    [McSlotId=2]:     MacroCell: Name=\SPI_Nokia5110:BSPIM:tx_status_0\, Mode=(Combinatorial) @ [UDB=(3,3)][LB=0][MC=2]
        Total # of inputs        : 3
        Total # of product terms : 1
            Clock Enable: True
        Main Equation            : 1 pterm
        (
              \SPI_Nokia5110:BSPIM:state_2\ * !\SPI_Nokia5110:BSPIM:state_1\ * 
              \SPI_Nokia5110:BSPIM:state_0\
        );
        Output = \SPI_Nokia5110:BSPIM:tx_status_0\ (fanout=1)
        Properties               : 
        {
        }

    [McSlotId=3]:     MacroCell: Name=Net_10, Mode=(D-Register) @ [UDB=(3,3)][LB=0][MC=3]
        Total # of inputs        : 11
        Total # of product terms : 7
        List of special equations: 
            Clock  = (\SPI_Nokia5110:Net_276\) => Global
            Clock Enable: True
        Main Equation            : 7 pterms
        !(
              !Net_10 * !\SPI_Nokia5110:BSPIM:state_2\ * 
              \SPI_Nokia5110:BSPIM:state_0\
            + !\SPI_Nokia5110:BSPIM:state_2\ * !\SPI_Nokia5110:BSPIM:state_1\ * 
              !\SPI_Nokia5110:BSPIM:state_0\
            + !\SPI_Nokia5110:BSPIM:state_2\ * !\SPI_Nokia5110:BSPIM:state_0\ * 
              !\SPI_Nokia5110:BSPIM:count_4\ * !\SPI_Nokia5110:BSPIM:count_3\ * 
              !\SPI_Nokia5110:BSPIM:count_2\ * \SPI_Nokia5110:BSPIM:count_1\ * 
              !\SPI_Nokia5110:BSPIM:count_0\ * 
              !\SPI_Nokia5110:BSPIM:ld_ident\
            + \SPI_Nokia5110:BSPIM:state_2\ * !\SPI_Nokia5110:BSPIM:state_1\ * 
              \SPI_Nokia5110:BSPIM:state_0\
            + \SPI_Nokia5110:BSPIM:state_2\ * \SPI_Nokia5110:BSPIM:state_1\ * 
              !\SPI_Nokia5110:BSPIM:state_0\
            + \SPI_Nokia5110:BSPIM:state_2\ * 
              !\SPI_Nokia5110:BSPIM:mosi_from_dp\
            + !\SPI_Nokia5110:BSPIM:state_0\ * 
              !\SPI_Nokia5110:BSPIM:mosi_from_dp\
        );
        Output = Net_10 (fanout=2)
        Properties               : 
        {
        }
}

LAB@[UDB=(3,3)][LB=1] #macrocells=3, #inputs=10, #pterms=8
{
    [McSlotId=0]:     MacroCell: Name=\SPI_Nokia5110:BSPIM:state_1\, Mode=(T-Register) @ [UDB=(3,3)][LB=1][MC=0]
        Total # of inputs        : 10
        Total # of product terms : 4
        List of special equations: 
            Clock  = (\SPI_Nokia5110:Net_276\) => Global
            Clock Enable: True
        Main Equation            : 4 pterms
        (
              !\SPI_Nokia5110:BSPIM:state_2\ * !\SPI_Nokia5110:BSPIM:state_1\ * 
              \SPI_Nokia5110:BSPIM:state_0\
            + !\SPI_Nokia5110:BSPIM:state_2\ * \SPI_Nokia5110:BSPIM:state_0\ * 
              !\SPI_Nokia5110:BSPIM:count_4\ * !\SPI_Nokia5110:BSPIM:count_3\ * 
              \SPI_Nokia5110:BSPIM:count_2\ * !\SPI_Nokia5110:BSPIM:count_1\ * 
              \SPI_Nokia5110:BSPIM:count_0\ * 
              !\SPI_Nokia5110:BSPIM:tx_status_1\
            + \SPI_Nokia5110:BSPIM:state_2\ * !\SPI_Nokia5110:BSPIM:state_0\
            + \SPI_Nokia5110:BSPIM:state_1\ * !\SPI_Nokia5110:BSPIM:state_0\ * 
              !\SPI_Nokia5110:BSPIM:count_4\ * !\SPI_Nokia5110:BSPIM:count_3\ * 
              !\SPI_Nokia5110:BSPIM:count_2\ * \SPI_Nokia5110:BSPIM:count_1\ * 
              !\SPI_Nokia5110:BSPIM:count_0\ * 
              !\SPI_Nokia5110:BSPIM:ld_ident\
        );
        Output = \SPI_Nokia5110:BSPIM:state_1\ (fanout=12)
        Properties               : 
        {
        }

    [McSlotId=1]:     MacroCell: Name=\SPI_Nokia5110:BSPIM:state_2\, Mode=(D-Register) @ [UDB=(3,3)][LB=1][MC=1]
        Total # of inputs        : 10
        Total # of product terms : 3
        List of special equations: 
            Clock  = (\SPI_Nokia5110:Net_276\) => Global
            Clock Enable: True
        Main Equation            : 3 pterms
        (
              !\SPI_Nokia5110:BSPIM:state_2\ * !\SPI_Nokia5110:BSPIM:state_1\ * 
              \SPI_Nokia5110:BSPIM:state_0\
            + !\SPI_Nokia5110:BSPIM:state_2\ * \SPI_Nokia5110:BSPIM:state_1\ * 
              !\SPI_Nokia5110:BSPIM:state_0\ * !\SPI_Nokia5110:BSPIM:count_4\ * 
              !\SPI_Nokia5110:BSPIM:count_3\ * !\SPI_Nokia5110:BSPIM:count_2\ * 
              \SPI_Nokia5110:BSPIM:count_1\ * !\SPI_Nokia5110:BSPIM:count_0\ * 
              !\SPI_Nokia5110:BSPIM:ld_ident\
            + !\SPI_Nokia5110:BSPIM:state_2\ * \SPI_Nokia5110:BSPIM:state_0\ * 
              !\SPI_Nokia5110:BSPIM:count_4\ * !\SPI_Nokia5110:BSPIM:count_3\ * 
              \SPI_Nokia5110:BSPIM:count_2\ * !\SPI_Nokia5110:BSPIM:count_1\ * 
              \SPI_Nokia5110:BSPIM:count_0\ * 
              !\SPI_Nokia5110:BSPIM:tx_status_1\
        );
        Output = \SPI_Nokia5110:BSPIM:state_2\ (fanout=12)
        Properties               : 
        {
        }

    [McSlotId=2]:     MacroCell: Name=\SPI_Nokia5110:BSPIM:ld_ident\, Mode=(T-Register) @ [UDB=(3,3)][LB=1][MC=2]
        Total # of inputs        : 9
        Total # of product terms : 3
        List of special equations: 
            Clock  = (\SPI_Nokia5110:Net_276\) => Global
            Clock Enable: True
        Main Equation            : 3 pterms
        (
              \SPI_Nokia5110:BSPIM:state_2\ * !\SPI_Nokia5110:BSPIM:state_1\ * 
              !\SPI_Nokia5110:BSPIM:state_0\ * 
              !\SPI_Nokia5110:BSPIM:ld_ident\
            + \SPI_Nokia5110:BSPIM:state_2\ * \SPI_Nokia5110:BSPIM:state_1\ * 
              !\SPI_Nokia5110:BSPIM:state_0\ * \SPI_Nokia5110:BSPIM:ld_ident\
            + \SPI_Nokia5110:BSPIM:state_1\ * !\SPI_Nokia5110:BSPIM:state_0\ * 
              !\SPI_Nokia5110:BSPIM:count_4\ * !\SPI_Nokia5110:BSPIM:count_3\ * 
              !\SPI_Nokia5110:BSPIM:count_2\ * \SPI_Nokia5110:BSPIM:count_1\ * 
              !\SPI_Nokia5110:BSPIM:count_0\ * \SPI_Nokia5110:BSPIM:ld_ident\
        );
        Output = \SPI_Nokia5110:BSPIM:ld_ident\ (fanout=4)
        Properties               : 
        {
        }

    [McSlotId=3]: (empty)
}

datapathcell: Name =\SPI_Nokia5110:BSPIM:sR8:Dp:u0\
    PORT MAP (
        clock => \SPI_Nokia5110:Net_276\ ,
        cs_addr_2 => \SPI_Nokia5110:BSPIM:state_2\ ,
        cs_addr_1 => \SPI_Nokia5110:BSPIM:state_1\ ,
        cs_addr_0 => \SPI_Nokia5110:BSPIM:state_0\ ,
        route_si => Net_13 ,
        f1_load => \SPI_Nokia5110:BSPIM:load_rx_data\ ,
        so_comb => \SPI_Nokia5110:BSPIM:mosi_from_dp\ ,
        f0_bus_stat_comb => \SPI_Nokia5110:BSPIM:tx_status_2\ ,
        f0_blk_stat_comb => \SPI_Nokia5110:BSPIM:tx_status_1\ ,
        f1_bus_stat_comb => \SPI_Nokia5110:BSPIM:rx_status_5\ ,
        f1_blk_stat_comb => \SPI_Nokia5110:BSPIM:rx_status_4\ );
    Properties:
    {
        a0_init = "00000000"
        a1_init = "00000000"
        ce0_sync = 1
        ce1_sync = 1
        cl0_sync = 1
        cl1_sync = 1
        cmsb_sync = 1
        co_msb_sync = 1
        cy_dpconfig = "0000000000000000000000001100000000000001010000000001000100010000000000011100000000010001000000000000000101000000000000010100000011111111000000001111111111111111000000000010001000001000111100000000000000000100"
        d0_init = "00000000"
        d1_init = "00000000"
        f0_blk_sync = 1
        f0_bus_sync = 1
        f1_blk_sync = 1
        f1_bus_sync = 1
        ff0_sync = 1
        ff1_sync = 1
        ov_msb_sync = 1
        so_sync = 1
        z0_sync = 1
        z1_sync = 1
    }
    Clock Polarity: Active High
    Clock Enable: True

count7cell: Name =\SPI_Nokia5110:BSPIM:BitCounter\
    PORT MAP (
        clock => \SPI_Nokia5110:Net_276\ ,
        enable => \SPI_Nokia5110:BSPIM:cnt_enable\ ,
        count_6 => \SPI_Nokia5110:BSPIM:count_6\ ,
        count_5 => \SPI_Nokia5110:BSPIM:count_5\ ,
        count_4 => \SPI_Nokia5110:BSPIM:count_4\ ,
        count_3 => \SPI_Nokia5110:BSPIM:count_3\ ,
        count_2 => \SPI_Nokia5110:BSPIM:count_2\ ,
        count_1 => \SPI_Nokia5110:BSPIM:count_1\ ,
        count_0 => \SPI_Nokia5110:BSPIM:count_0\ ,
        tc => \SPI_Nokia5110:BSPIM:cnt_tc\ );
    Properties:
    {
        cy_alt_mode = 0
        cy_init_value = "0000000"
        cy_period = "0001111"
        cy_route_en = 1
        cy_route_ld = 0
    }
    Clock Polarity: Active High
    Clock Enable: True

UDB [UDB=(3,4)] is empty.
UDB [UDB=(3,5)] is empty.
Intr container @ [IntrContainer=(0)]: empty
Drq container @ [DrqContainer=(0)]: empty
Port 0 is empty
Port 1 is empty
Port 2 is empty
Port 3 is empty
Port 12 contains the following IO cells:
[IoId=0]: 
Pin : Name = SCLK_N5110(0)
    Attributes:
        In Group/Port: True
        In Sync Option: AUTO
        Out Sync Option: NOSYNC
        Interrupt generated: False
        Interrupt mode: NONE
        Drive mode: CMOS_OUT
        VTrip: EITHER
        Slew: FAST
        Input Sync needed: False
        Output Sync needed: False
        SC shield enabled: False
        POR State: ANY
        LCD Mode: COMMON
        Register Mode: RegComb
        CaSense Mode: NEITHER
        Treat as pin: True
        Is OE Registered: False
        Uses Analog: False
        Can contain Digital: True
        Is SIO: False
        SIO Output Buf: NONREGULATED
        SIO Input Buf: SINGLE_ENDED
        SIO HiFreq: LOW
        SIO Hyst: DISABLED
        SIO Vtrip: MULTIPLIER_0_5
        SIO Multiplier Index: 0
        SIO RefSel: VCC_IO
        Required Capabilitites: DIGITAL, ROUTABLE
        Initial Value: 0
        IO Voltage: 0
    PORT MAP (
        pa_out => SCLK_N5110(0)__PA ,
        input => Net_11 ,
        pad => SCLK_N5110(0)_PAD );
    Properties:
    {
    }

[IoId=1]: 
Pin : Name = SS_N5110(0)
    Attributes:
        In Group/Port: True
        In Sync Option: AUTO
        Out Sync Option: NOSYNC
        Interrupt generated: False
        Interrupt mode: NONE
        Drive mode: CMOS_OUT
        VTrip: EITHER
        Slew: FAST
        Input Sync needed: False
        Output Sync needed: False
        SC shield enabled: False
        POR State: ANY
        LCD Mode: COMMON
        Register Mode: RegComb
        CaSense Mode: NEITHER
        Treat as pin: True
        Is OE Registered: False
        Uses Analog: False
        Can contain Digital: True
        Is SIO: False
        SIO Output Buf: NONREGULATED
        SIO Input Buf: SINGLE_ENDED
        SIO HiFreq: LOW
        SIO Hyst: DISABLED
        SIO Vtrip: MULTIPLIER_0_5
        SIO Multiplier Index: 0
        SIO RefSel: VCC_IO
        Required Capabilitites: DIGITAL, ROUTABLE
        Initial Value: 1
        IO Voltage: 0
    PORT MAP (
        pa_out => SS_N5110(0)__PA ,
        input => Net_121 ,
        pad => SS_N5110(0)_PAD );
    Properties:
    {
    }

[IoId=2]: 
Pin : Name = MOSI_N5110(0)
    Attributes:
        In Group/Port: True
        In Sync Option: AUTO
        Out Sync Option: NOSYNC
        Interrupt generated: False
        Interrupt mode: NONE
        Drive mode: CMOS_OUT
        VTrip: EITHER
        Slew: FAST
        Input Sync needed: False
        Output Sync needed: False
        SC shield enabled: False
        POR State: ANY
        LCD Mode: COMMON
        Register Mode: RegComb
        CaSense Mode: NEITHER
        Treat as pin: True
        Is OE Registered: False
        Uses Analog: False
        Can contain Digital: True
        Is SIO: False
        SIO Output Buf: NONREGULATED
        SIO Input Buf: SINGLE_ENDED
        SIO HiFreq: LOW
        SIO Hyst: DISABLED
        SIO Vtrip: MULTIPLIER_0_5
        SIO Multiplier Index: 0
        SIO RefSel: VCC_IO
        Required Capabilitites: DIGITAL, ROUTABLE
        Initial Value: 0
        IO Voltage: 0
    PORT MAP (
        pa_out => MOSI_N5110(0)__PA ,
        input => Net_10 ,
        pad => MOSI_N5110(0)_PAD );
    Properties:
    {
    }

[IoId=3]: 
Pin : Name = MISO_N5110(0)
    Attributes:
        In Group/Port: True
        In Sync Option: SYNC
        Out Sync Option: AUTO
        Interrupt generated: False
        Interrupt mode: NONE
        Drive mode: HI_Z_DIGITAL
        VTrip: CMOS
        Slew: FAST
        Input Sync needed: True
        Output Sync needed: False
        SC shield enabled: False
        POR State: ANY
        LCD Mode: COMMON
        Register Mode: RegComb
        CaSense Mode: NEITHER
        Treat as pin: True
        Is OE Registered: False
        Uses Analog: False
        Can contain Digital: True
        Is SIO: False
        SIO Output Buf: NONREGULATED
        SIO Input Buf: SINGLE_ENDED
        SIO HiFreq: LOW
        SIO Hyst: DISABLED
        SIO Vtrip: MULTIPLIER_0_5
        SIO Multiplier Index: 0
        SIO RefSel: VCC_IO
        Required Capabilitites: DIGITAL, ROUTABLE
        Initial Value: 0
        IO Voltage: 0
    PORT MAP (
        pa_out => MISO_N5110(0)__PA ,
        fb => Net_13 ,
        pad => MISO_N5110(0)_PAD );
    Properties:
    {
    }

[IoId=6]: 
Pin : Name = nRST_N5110(0)
    Attributes:
        In Group/Port: True
        In Sync Option: AUTO
        Out Sync Option: NOSYNC
        Interrupt generated: False
        Interrupt mode: NONE
        Drive mode: CMOS_OUT
        VTrip: EITHER
        Slew: FAST
        Input Sync needed: False
        Output Sync needed: False
        SC shield enabled: False
        POR State: ANY
        LCD Mode: COMMON
        Register Mode: RegComb
        CaSense Mode: NEITHER
        Treat as pin: True
        Is OE Registered: False
        Uses Analog: False
        Can contain Digital: True
        Is SIO: False
        SIO Output Buf: NONREGULATED
        SIO Input Buf: SINGLE_ENDED
        SIO HiFreq: LOW
        SIO Hyst: DISABLED
        SIO Vtrip: MULTIPLIER_0_5
        SIO Multiplier Index: 0
        SIO RefSel: VCC_IO
        Required Capabilitites: DIGITAL
        Initial Value: 1
        IO Voltage: 0
    PORT MAP (
        pa_out => nRST_N5110(0)__PA ,
        pad => nRST_N5110(0)_PAD );
    Properties:
    {
    }

[IoId=7]: 
Pin : Name = DnC_N5110(0)
    Attributes:
        In Group/Port: True
        In Sync Option: AUTO
        Out Sync Option: NOSYNC
        Interrupt generated: False
        Interrupt mode: NONE
        Drive mode: CMOS_OUT
        VTrip: EITHER
        Slew: FAST
        Input Sync needed: False
        Output Sync needed: False
        SC shield enabled: False
        POR State: ANY
        LCD Mode: COMMON
        Register Mode: RegComb
        CaSense Mode: NEITHER
        Treat as pin: True
        Is OE Registered: False
        Uses Analog: False
        Can contain Digital: True
        Is SIO: False
        SIO Output Buf: NONREGULATED
        SIO Input Buf: SINGLE_ENDED
        SIO HiFreq: LOW
        SIO Hyst: DISABLED
        SIO Vtrip: MULTIPLIER_0_5
        SIO Multiplier Index: 0
        SIO RefSel: VCC_IO
        Required Capabilitites: DIGITAL
        Initial Value: 1
        IO Voltage: 0
    PORT MAP (
        pa_out => DnC_N5110(0)__PA ,
        pad => DnC_N5110(0)_PAD );
    Properties:
    {
    }

Port 15 is empty
CAN 2.0b group 0: empty
Cache group 0: empty
CapSense group 0: empty
Clock group 0: 
    Clock Block @ F(Clock,0): 
    clockblockcell: Name =ClockBlock
        PORT MAP (
            imo => ClockBlock_IMO ,
            pllout => ClockBlock_PLL_OUT ,
            ilo => ClockBlock_ILO ,
            clk_100k => ClockBlock_100k ,
            clk_1k => ClockBlock_1k ,
            clk_32k => ClockBlock_32k ,
            xtal => ClockBlock_XTAL ,
            clk_32k_xtal => ClockBlock_XTAL_32KHZ ,
            clk_sync => ClockBlock_MASTER_CLK ,
            clk_bus_glb => ClockBlock_BUS_CLK ,
            clk_bus => ClockBlock_BUS_CLK_local ,
            dclk_glb_0 => \SPI_Nokia5110:Net_276\ ,
            dclk_0 => \SPI_Nokia5110:Net_276_local\ );
        Properties:
        {
        }
Comparator group 0: empty
Digital Filter Block group 0: empty
Delta-Sigma ADC group 0: empty
Decimator group 0: empty
EMIF group 0: empty
I2C group 0: empty
Segment LCD group 0: empty
LVD group 0: empty
PM group 0: empty
Analog (SC/CT) Blocks group 0: empty
SPC group 0: empty
Timer group 0: empty
USB group 0: empty
VIDAC group 0: empty
Opamp group 0: empty
CapSense Buffers group 0: empty
Vref group 0: empty
LPF group 0: empty
SAR ADC group 0: empty
</CYPRESSTAG>
<CYPRESSTAG name="Port Configuration Details">

------------------------------------------------------------
Port Configuration report
------------------------------------------------------------
     |     |       | Interrupt |                  |               | 
Port | Pin | Fixed |      Type |       Drive Mode |          Name | Connections
-----+-----+-------+-----------+------------------+---------------+------------
  12 |   0 |     * |      NONE |         CMOS_OUT | SCLK_N5110(0) | In(Net_11)
     |   1 |     * |      NONE |         CMOS_OUT |   SS_N5110(0) | In(Net_121)
     |   2 |     * |      NONE |         CMOS_OUT | MOSI_N5110(0) | In(Net_10)
     |   3 |     * |      NONE |     HI_Z_DIGITAL | MISO_N5110(0) | FB(Net_13)
     |   6 |     * |      NONE |         CMOS_OUT | nRST_N5110(0) | 
     |   7 |     * |      NONE |         CMOS_OUT |  DnC_N5110(0) | 
-------------------------------------------------------------------------------
</CYPRESSTAG>
</CYPRESSTAG>
</CYPRESSTAG>
Digital component placer commit/Report: Elapsed time ==> 0s.080ms
Digital Placement phase: Elapsed time ==> 22s.309ms
</CYPRESSTAG>
<CYPRESSTAG name="Digital Routing">
Routing successful.
Digital Routing phase: Elapsed time ==> 27s.585ms
</CYPRESSTAG>
<CYPRESSTAG name="Bitstream and API generation">
Bitstream and API generation phase: Elapsed time ==> 5s.032ms
</CYPRESSTAG>
<CYPRESSTAG name="Bitstream verification">
Bitstream verification phase: Elapsed time ==> 0s.780ms
</CYPRESSTAG>
<CYPRESSTAG name="Static timing analysis">
Timing report is in SPI_v0_0_timing.html.
Static timing analysis phase: Elapsed time ==> 5s.580ms
</CYPRESSTAG>
<CYPRESSTAG name="Data reporting">
Data reporting phase: Elapsed time ==> 0s.000ms
</CYPRESSTAG>
<CYPRESSTAG name="Database update...">
Design database save phase: Elapsed time ==> 5s.766ms
</CYPRESSTAG>
cydsfit: Elapsed time ==> 79s.413ms
</CYPRESSTAG>
Fitter phase: Elapsed time ==> 81s.286ms
API generation phase: Elapsed time ==> 9s.733ms
Dependency generation phase: Elapsed time ==> 0s.540ms
Cleanup phase: Elapsed time ==> 0s.298ms
